<?xml version="1.0" encoding="UTF-8"?>
<!-- Generated by org.testng.reporters.JUnitReportReporter -->
<testsuite hostname="LAPTOP-VC2F0PBN" failures="0" tests="1" name="com.orangehrm.AppTest" time="0.000" errors="0" timestamp="2025-07-09T01:41:13 MYT" skipped="0">
  <testcase classname="com.orangehrm.AppTest" name="testApp" time="0.000"/>
</testsuite> <!-- com.orangehrm.AppTest -->
